# JRE version: OpenJDK Runtime Environment (11.0.12+7) (build 11.0.12+7-b1504.28-7817840)
# Java VM: OpenJDK 64-Bit Server VM (11.0.12+7-b1504.28-7817840, mixed mode, tiered, compressed oops, g1 gc, windows-amd64)
Heap:
 garbage-first heap   total 258048K, used 79003K [0x0000000080000000, 0x0000000100000000)
  region size 1024K, 62 young (63488K), 12 survivors (12288K)
 Metaspace       used 47023K, capacity 48231K, committed 48380K, reserved 1091584K
  class space    used 5989K, capacity 6421K, committed 6528K, reserved 1048576K
GC Heap History (10 events):
Event: 8.363 GC heap before
{Heap before GC invocations=0 (full 0):
 garbage-first heap   total 258048K, used 29696K [0x0000000080000000, 0x0000000100000000)
  region size 1024K, 24 young (24576K), 0 survivors (0K)
 Metaspace       used 9815K, capacity 9994K, committed 10112K, reserved 1058816K
  class space    used 1023K, capacity 1102K, committed 1152K, reserved 1048576K
}
Event: 8.370 GC heap after
{Heap after GC invocations=1 (full 0):
 garbage-first heap   total 258048K, used 9160K [0x0000000080000000, 0x0000000100000000)
  region size 1024K, 3 young (3072K), 3 survivors (3072K)
 Metaspace       used 9815K, capacity 9994K, committed 10112K, reserved 1058816K
  class space    used 1023K, capacity 1102K, committed 1152K, reserved 1048576K
}
Event: 23.790 GC heap before
{Heap before GC invocations=1 (full 0):
 garbage-first heap   total 258048K, used 105416K [0x0000000080000000, 0x0000000100000000)
  region size 1024K, 98 young (100352K), 3 survivors (3072K)
 Metaspace       used 20614K, capacity 21158K, committed 21296K, reserved 1069056K
  class space    used 2513K, capacity 2688K, committed 2688K, reserved 1048576K
}
Event: 23.807 GC heap after
{Heap after GC invocations=2 (full 0):
 garbage-first heap   total 258048K, used 16413K [0x0000000080000000, 0x0000000100000000)
  region size 1024K, 11 young (11264K), 11 survivors (11264K)
 Metaspace       used 20614K, capacity 21158K, committed 21296K, reserved 1069056K
  class space    used 2513K, capacity 2688K, committed 2688K, reserved 1048576K
}
Event: 25.788 GC heap before
{Heap before GC invocations=3 (full 0):
 garbage-first heap   total 258048K, used 54301K [0x0000000080000000, 0x0000000100000000)
  region size 1024K, 48 young (49152K), 11 survivors (11264K)
 Metaspace       used 24231K, capacity 24764K, committed 25008K, reserved 1071104K
  class space    used 3116K, capacity 3319K, committed 3328K, reserved 1048576K
}
Event: 25.800 GC heap after
{Heap after GC invocations=4 (full 0):
 garbage-first heap   total 258048K, used 18261K [0x0000000080000000, 0x0000000100000000)
  region size 1024K, 2 young (2048K), 2 survivors (2048K)
 Metaspace       used 24231K, capacity 24764K, committed 25008K, reserved 1071104K
  class space    used 3116K, capacity 3319K, committed 3328K, reserved 1048576K
}
Event: 28.229 GC heap before
{Heap before GC invocations=4 (full 0):
 garbage-first heap   total 258048K, used 93013K [0x0000000080000000, 0x0000000100000000)
  region size 1024K, 77 young (78848K), 2 survivors (2048K)
 Metaspace       used 34841K, capacity 35614K, committed 35708K, reserved 1081344K
  class space    used 4531K, capacity 4832K, committed 4864K, reserved 1048576K
}
Event: 28.245 GC heap after
{Heap after GC invocations=5 (full 0):
 garbage-first heap   total 258048K, used 22562K [0x0000000080000000, 0x0000000100000000)
  region size 1024K, 6 young (6144K), 6 survivors (6144K)
 Metaspace       used 34841K, capacity 35614K, committed 35708K, reserved 1081344K
  class space    used 4531K, capacity 4832K, committed 4864K, reserved 1048576K
}
Event: 33.364 GC heap before
{Heap before GC invocations=6 (full 0):
 garbage-first heap   total 258048K, used 141346K [0x0000000080000000, 0x0000000100000000)
  region size 1024K, 119 young (121856K), 6 survivors (6144K)
 Metaspace       used 44378K, capacity 45481K, committed 45692K, reserved 1089536K
  class space    used 5683K, capacity 6065K, committed 6144K, reserved 1048576K
}
Event: 33.384 GC heap after
{Heap after GC invocations=7 (full 0):
 garbage-first heap   total 258048K, used 28827K [0x0000000080000000, 0x0000000100000000)
  region size 1024K, 12 young (12288K), 12 survivors (12288K)
 Metaspace       used 44378K, capacity 45481K, committed 45692K, reserved 1089536K
  class space    used 5683K, capacity 6065K, committed 6144K, reserved 1048576K
}

